0 info it worked if it ends with ok
1 verbose cli [ 'C:\\Program Files\\nodejs\\node.exe',
1 verbose cli   'C:\\Users\\KGlasgow\\AppData\\Roaming\\npm\\node_modules\\npm\\bin\\npm-cli.js',
1 verbose cli   'start' ]
2 info using npm@3.10.5
3 info using node@v8.9.2
4 verbose run-script [ 'prestart', 'start', 'poststart' ]
5 info lifecycle cietapi@1.0.0~prestart: cietapi@1.0.0
6 silly lifecycle cietapi@1.0.0~prestart: no script for prestart, continuing
7 info lifecycle cietapi@1.0.0~start: cietapi@1.0.0
8 verbose lifecycle cietapi@1.0.0~start: unsafe-perm in lifecycle true
9 verbose lifecycle cietapi@1.0.0~start: PATH: C:\Users\KGlasgow\AppData\Roaming\npm\node_modules\npm\bin\node-gyp-bin;C:\Users\KGlasgow\Desktop\CIETAPi\node_modules\.bin;C:\Program Files\nodejs;C:\Program Files\Docker\Docker\Resources\bin;C:\Python27\;C:\Python27\Scripts;C:\ProgramData\Oracle\Java\javapath;C:\WINDOWS\system32;C:\WINDOWS;C:\WINDOWS\System32\Wbem;C:\WINDOWS\System32\WindowsPowerShell\v1.0\;C:\Program Files (x86)\Microsoft SQL Server\120\Tools\Binn\;C:\Program Files\Microsoft SQL Server\120\Tools\Binn\;C:\Program Files (x86)\Windows Kits\8.1\Windows Performance Toolkit\;C:\Program Files\Microsoft SQL Server\110\Tools\Binn\;C:\Program Files (x86)\Microsoft SDKs\TypeScript\1.0\;C:\Program Files (x86)\Microsoft SQL Server\120\DTS\Binn\;C:\Program Files\TortoiseGit\bin;C:\Program Files (x86)\Skype\Phone\;C:\Program Files\Microsoft SQL Server\130\Tools\Binn\;C:\Program Files (x86)\Microsoft SQL Server\110\DTS\Binn\;C:\Program Files (x86)\Microsoft SQL Server\130\DTS\Binn\;C:\Program Files\Microsoft\Web Platform Installer\;C:\Program Files (x86)\Microsoft SQL Server\Client SDK\ODBC\110\Tools\Binn\;C:\Program Files (x86)\Microsoft SQL Server\120\Tools\Binn\ManagementStudio\;C:\Program Files (x86)\WinMerge;C:\Program Files\Microsoft SQL Server\120\DTS\Binn\;C:\Program Files\Microsoft SQL Server\Client SDK\ODBC\110\Tools\Binn\;C:\Go\bin;C:\Users\KGlasgow\.dnx\bin;C:\Program Files (x86)\Microsoft VS Code\bin;C:\Users\KGlasgow\AppData\Roaming\npm;C:\Users\KGlasgow\AppData\Local\Microsoft\WindowsApps;C:\Users\KGlasgow\AppData\Roaming\npm;C:\Program Files\Docker Toolbox;C:\Program Files\Docker;C:\ProgramData\chocolatey\bin;C:\Users\KGlasgow\AppData\Local\Android\sdk\platform-tools;C:\Program Files\dotnet\;C:\Program Files\Git\cmd;C:\Users\KGlasgow\Documents\GoProjects\bin;C:\Program Files\nodejs\;C:\Users\KGlasgow\.dnx\bin;C:\Users\KGlasgow\AppData\Local\Microsoft\WindowsApps;C:\Users\KGlasgow\AppData\Roaming\npm;C:\Users\KGlasgow\AppData\Local\Android\sdk\platform-tools;C:\Program Files\OpenSSL\bin;C:\Program Files\Microsoft VS Code\bin;C:\Users\KGlasgow\Documents\GoProjects\bin
10 verbose lifecycle cietapi@1.0.0~start: CWD: C:\Users\KGlasgow\Desktop\CIETAPi
11 silly lifecycle cietapi@1.0.0~start: Args: [ '/d /s /c', 'node ./index.js' ]
12 silly lifecycle cietapi@1.0.0~start: Returned: code: 1  signal: null
13 info lifecycle cietapi@1.0.0~start: Failed to exec start script
14 verbose stack Error: cietapi@1.0.0 start: `node ./index.js`
14 verbose stack Exit status 1
14 verbose stack     at EventEmitter.<anonymous> (C:\Users\KGlasgow\AppData\Roaming\npm\node_modules\npm\lib\utils\lifecycle.js:242:16)
14 verbose stack     at emitTwo (events.js:126:13)
14 verbose stack     at EventEmitter.emit (events.js:214:7)
14 verbose stack     at ChildProcess.<anonymous> (C:\Users\KGlasgow\AppData\Roaming\npm\node_modules\npm\lib\utils\spawn.js:40:14)
14 verbose stack     at emitTwo (events.js:126:13)
14 verbose stack     at ChildProcess.emit (events.js:214:7)
14 verbose stack     at maybeClose (internal/child_process.js:925:16)
14 verbose stack     at Process.ChildProcess._handle.onexit (internal/child_process.js:209:5)
15 verbose pkgid cietapi@1.0.0
16 verbose cwd C:\Users\KGlasgow\Desktop\CIETAPi
17 error Windows_NT 10.0.14393
18 error argv "C:\\Program Files\\nodejs\\node.exe" "C:\\Users\\KGlasgow\\AppData\\Roaming\\npm\\node_modules\\npm\\bin\\npm-cli.js" "start"
19 error node v8.9.2
20 error npm  v3.10.5
21 error code ELIFECYCLE
22 error cietapi@1.0.0 start: `node ./index.js`
22 error Exit status 1
23 error Failed at the cietapi@1.0.0 start script 'node ./index.js'.
23 error Make sure you have the latest version of node.js and npm installed.
23 error If you do, this is most likely a problem with the cietapi package,
23 error not with npm itself.
23 error Tell the author that this fails on your system:
23 error     node ./index.js
23 error You can get information on how to open an issue for this project with:
23 error     npm bugs cietapi
23 error Or if that isn't available, you can get their info via:
23 error     npm owner ls cietapi
23 error There is likely additional logging output above.
24 verbose exit [ 1, true ]
