GET /__webpack_hmr 404 - - 5.636 ms
GET /__webpack_hmr 404 - - 5.331 ms
GET /__webpack_hmr 404 - - 3.332 ms
POST /api/admin/clients 500 - - 64.430 ms
POST /api/admin/clients 200 101 - 9.138 ms
GET /__webpack_hmr 404 - - 5.341 ms
GET /__webpack_hmr 404 - - 2.785 ms
GET /__webpack_hmr 404 - - 2.337 ms
GET /__webpack_hmr 404 - - 2.586 ms
GET /__webpack_hmr 404 - - 2.249 ms
GET /__webpack_hmr 404 - - 7.995 ms
GET /__webpack_hmr 404 - - 2.613 ms
GET /__webpack_hmr 404 - - 2.241 ms
GET /__webpack_hmr 404 - - 6.113 ms
GET /__webpack_hmr 404 - - 3.894 ms
GET /__webpack_hmr 404 - - 6.050 ms
::1 - - [11/Dec/2017:11:41:43 +0000] "POST /api/admin/clients HTTP/1.1" 200 101 "-" "Mozilla/5.0 (Windows NT 10.0; Win64; x64) AppleWebKit/537.36 (KHTML, like Gecko) Chrome/62.0.3202.94 Safari/537.36"
::1 - - [11/Dec/2017:11:41:44 +0000] "GET /__webpack_hmr HTTP/1.1" 404 - "http://localhost:5000/tenders/d94f337a-33b3-4a4a-8548-c8098c70969b/review" "Mozilla/5.0 (Windows NT 10.0; Win64; x64) AppleWebKit/537.36 (KHTML, like Gecko) Chrome/62.0.3202.94 Safari/537.36"
::1 - - [11/Dec/2017:11:42:05 +0000] "GET /__webpack_hmr HTTP/1.1" 404 - "http://localhost:5000/tenders/d94f337a-33b3-4a4a-8548-c8098c70969b/review" "Mozilla/5.0 (Windows NT 10.0; Win64; x64) AppleWebKit/537.36 (KHTML, like Gecko) Chrome/62.0.3202.94 Safari/537.36"
::1 - - [11/Dec/2017:11:42:26 +0000] "GET /__webpack_hmr HTTP/1.1" 404 - "http://localhost:5000/tenders/d94f337a-33b3-4a4a-8548-c8098c70969b/review" "Mozilla/5.0 (Windows NT 10.0; Win64; x64) AppleWebKit/537.36 (KHTML, like Gecko) Chrome/62.0.3202.94 Safari/537.36"
::1 - - [11/Dec/2017:11:42:30 +0000] "POST /api/admin/clients HTTP/1.1" 500 - "-" "Mozilla/5.0 (Windows NT 10.0; Win64; x64) AppleWebKit/537.36 (KHTML, like Gecko) Chrome/62.0.3202.94 Safari/537.36"
::1 - - [11/Dec/2017:11:42:47 +0000] "GET /__webpack_hmr HTTP/1.1" 404 - "http://localhost:5000/tenders/d94f337a-33b3-4a4a-8548-c8098c70969b/review" "Mozilla/5.0 (Windows NT 10.0; Win64; x64) AppleWebKit/537.36 (KHTML, like Gecko) Chrome/62.0.3202.94 Safari/537.36"
::1 - - [11/Dec/2017:11:43:08 +0000] "GET /__webpack_hmr HTTP/1.1" 404 - "http://localhost:5000/tenders/d94f337a-33b3-4a4a-8548-c8098c70969b/review" "Mozilla/5.0 (Windows NT 10.0; Win64; x64) AppleWebKit/537.36 (KHTML, like Gecko) Chrome/62.0.3202.94 Safari/537.36"
::1 - - [11/Dec/2017:11:43:29 +0000] "GET /__webpack_hmr HTTP/1.1" 404 - "http://localhost:5000/tenders/d94f337a-33b3-4a4a-8548-c8098c70969b/review" "Mozilla/5.0 (Windows NT 10.0; Win64; x64) AppleWebKit/537.36 (KHTML, like Gecko) Chrome/62.0.3202.94 Safari/537.36"
::1 - - [11/Dec/2017:11:43:50 +0000] "GET /__webpack_hmr HTTP/1.1" 404 - "http://localhost:5000/tenders/d94f337a-33b3-4a4a-8548-c8098c70969b/review" "Mozilla/5.0 (Windows NT 10.0; Win64; x64) AppleWebKit/537.36 (KHTML, like Gecko) Chrome/62.0.3202.94 Safari/537.36"
::1 - - [11/Dec/2017:11:44:11 +0000] "GET /__webpack_hmr HTTP/1.1" 404 - "http://localhost:5000/tenders/d94f337a-33b3-4a4a-8548-c8098c70969b/review" "Mozilla/5.0 (Windows NT 10.0; Win64; x64) AppleWebKit/537.36 (KHTML, like Gecko) Chrome/62.0.3202.94 Safari/537.36"
::1 - - [11/Dec/2017:11:44:32 +0000] "GET /__webpack_hmr HTTP/1.1" 404 - "http://localhost:5000/tenders/d94f337a-33b3-4a4a-8548-c8098c70969b/review" "Mozilla/5.0 (Windows NT 10.0; Win64; x64) AppleWebKit/537.36 (KHTML, like Gecko) Chrome/62.0.3202.94 Safari/537.36"
::1 - - [11/Dec/2017:11:44:53 +0000] "GET /__webpack_hmr HTTP/1.1" 404 - "http://localhost:5000/tenders/d94f337a-33b3-4a4a-8548-c8098c70969b/review" "Mozilla/5.0 (Windows NT 10.0; Win64; x64) AppleWebKit/537.36 (KHTML, like Gecko) Chrome/62.0.3202.94 Safari/537.36"
::1 - - [11/Dec/2017:11:45:14 +0000] "GET /__webpack_hmr HTTP/1.1" 404 - "http://localhost:5000/tenders/d94f337a-33b3-4a4a-8548-c8098c70969b/review" "Mozilla/5.0 (Windows NT 10.0; Win64; x64) AppleWebKit/537.36 (KHTML, like Gecko) Chrome/62.0.3202.94 Safari/537.36"
::1 - - [11/Dec/2017:11:45:35 +0000] "GET /__webpack_hmr HTTP/1.1" 404 - "http://localhost:5000/tenders/d94f337a-33b3-4a4a-8548-c8098c70969b/review" "Mozilla/5.0 (Windows NT 10.0; Win64; x64) AppleWebKit/537.36 (KHTML, like Gecko) Chrome/62.0.3202.94 Safari/537.36"
::1 - - [11/Dec/2017:11:45:56 +0000] "GET /__webpack_hmr HTTP/1.1" 404 - "http://localhost:5000/tenders/d94f337a-33b3-4a4a-8548-c8098c70969b/review" "Mozilla/5.0 (Windows NT 10.0; Win64; x64) AppleWebKit/537.36 (KHTML, like Gecko) Chrome/62.0.3202.94 Safari/537.36"
::1 - - [11/Dec/2017:11:46:17 +0000] "GET /__webpack_hmr HTTP/1.1" 404 - "http://localhost:5000/tenders/d94f337a-33b3-4a4a-8548-c8098c70969b/review" "Mozilla/5.0 (Windows NT 10.0; Win64; x64) AppleWebKit/537.36 (KHTML, like Gecko) Chrome/62.0.3202.94 Safari/537.36"
::1 - - [11/Dec/2017:11:46:38 +0000] "GET /__webpack_hmr HTTP/1.1" 404 - "http://localhost:5000/tenders/d94f337a-33b3-4a4a-8548-c8098c70969b/review" "Mozilla/5.0 (Windows NT 10.0; Win64; x64) AppleWebKit/537.36 (KHTML, like Gecko) Chrome/62.0.3202.94 Safari/537.36"
::1 - - [11/Dec/2017:11:46:59 +0000] "GET /__webpack_hmr HTTP/1.1" 404 - "http://localhost:5000/tenders/d94f337a-33b3-4a4a-8548-c8098c70969b/review" "Mozilla/5.0 (Windows NT 10.0; Win64; x64) AppleWebKit/537.36 (KHTML, like Gecko) Chrome/62.0.3202.94 Safari/537.36"
::1 - - [11/Dec/2017:11:47:20 +0000] "GET /__webpack_hmr HTTP/1.1" 404 - "http://localhost:5000/tenders/d94f337a-33b3-4a4a-8548-c8098c70969b/review" "Mozilla/5.0 (Windows NT 10.0; Win64; x64) AppleWebKit/537.36 (KHTML, like Gecko) Chrome/62.0.3202.94 Safari/537.36"
::1 - - [11/Dec/2017:11:47:41 +0000] "GET /__webpack_hmr HTTP/1.1" 404 - "http://localhost:5000/tenders/d94f337a-33b3-4a4a-8548-c8098c70969b/review" "Mozilla/5.0 (Windows NT 10.0; Win64; x64) AppleWebKit/537.36 (KHTML, like Gecko) Chrome/62.0.3202.94 Safari/537.36"
::1 - - [11/Dec/2017:11:48:02 +0000] "GET /__webpack_hmr HTTP/1.1" 404 - "http://localhost:5000/tenders/d94f337a-33b3-4a4a-8548-c8098c70969b/review" "Mozilla/5.0 (Windows NT 10.0; Win64; x64) AppleWebKit/537.36 (KHTML, like Gecko) Chrome/62.0.3202.94 Safari/537.36"
::1 - - [11/Dec/2017:11:48:23 +0000] "GET /__webpack_hmr HTTP/1.1" 404 - "http://localhost:5000/tenders/d94f337a-33b3-4a4a-8548-c8098c70969b/review" "Mozilla/5.0 (Windows NT 10.0; Win64; x64) AppleWebKit/537.36 (KHTML, like Gecko) Chrome/62.0.3202.94 Safari/537.36"
::1 - - [11/Dec/2017:11:48:44 +0000] "GET /__webpack_hmr HTTP/1.1" 404 - "http://localhost:5000/tenders/d94f337a-33b3-4a4a-8548-c8098c70969b/review" "Mozilla/5.0 (Windows NT 10.0; Win64; x64) AppleWebKit/537.36 (KHTML, like Gecko) Chrome/62.0.3202.94 Safari/537.36"
::1 - - [11/Dec/2017:11:49:05 +0000] "GET /__webpack_hmr HTTP/1.1" 404 - "http://localhost:5000/tenders/d94f337a-33b3-4a4a-8548-c8098c70969b/review" "Mozilla/5.0 (Windows NT 10.0; Win64; x64) AppleWebKit/537.36 (KHTML, like Gecko) Chrome/62.0.3202.94 Safari/537.36"
::1 - - [11/Dec/2017:11:49:26 +0000] "GET /__webpack_hmr HTTP/1.1" 404 - "http://localhost:5000/tenders/d94f337a-33b3-4a4a-8548-c8098c70969b/review" "Mozilla/5.0 (Windows NT 10.0; Win64; x64) AppleWebKit/537.36 (KHTML, like Gecko) Chrome/62.0.3202.94 Safari/537.36"
::1 - - [11/Dec/2017:11:49:47 +0000] "GET /__webpack_hmr HTTP/1.1" 404 - "http://localhost:5000/tenders/d94f337a-33b3-4a4a-8548-c8098c70969b/review" "Mozilla/5.0 (Windows NT 10.0; Win64; x64) AppleWebKit/537.36 (KHTML, like Gecko) Chrome/62.0.3202.94 Safari/537.36"
::1 - - [11/Dec/2017:11:50:08 +0000] "GET /__webpack_hmr HTTP/1.1" 404 - "http://localhost:5000/tenders/d94f337a-33b3-4a4a-8548-c8098c70969b/review" "Mozilla/5.0 (Windows NT 10.0; Win64; x64) AppleWebKit/537.36 (KHTML, like Gecko) Chrome/62.0.3202.94 Safari/537.36"
::1 - - [11/Dec/2017:11:50:29 +0000] "GET /__webpack_hmr HTTP/1.1" 404 - "http://localhost:5000/tenders/d94f337a-33b3-4a4a-8548-c8098c70969b/review" "Mozilla/5.0 (Windows NT 10.0; Win64; x64) AppleWebKit/537.36 (KHTML, like Gecko) Chrome/62.0.3202.94 Safari/537.36"
::1 - - [11/Dec/2017:11:50:50 +0000] "GET /__webpack_hmr HTTP/1.1" 404 - "http://localhost:5000/tenders/d94f337a-33b3-4a4a-8548-c8098c70969b/review" "Mozilla/5.0 (Windows NT 10.0; Win64; x64) AppleWebKit/537.36 (KHTML, like Gecko) Chrome/62.0.3202.94 Safari/537.36"
::1 - - [11/Dec/2017:11:51:11 +0000] "GET /__webpack_hmr HTTP/1.1" 404 - "http://localhost:5000/tenders/d94f337a-33b3-4a4a-8548-c8098c70969b/review" "Mozilla/5.0 (Windows NT 10.0; Win64; x64) AppleWebKit/537.36 (KHTML, like Gecko) Chrome/62.0.3202.94 Safari/537.36"
::1 - - [11/Dec/2017:11:51:32 +0000] "GET /__webpack_hmr HTTP/1.1" 404 - "http://localhost:5000/tenders/d94f337a-33b3-4a4a-8548-c8098c70969b/review" "Mozilla/5.0 (Windows NT 10.0; Win64; x64) AppleWebKit/537.36 (KHTML, like Gecko) Chrome/62.0.3202.94 Safari/537.36"
::1 - - [11/Dec/2017:11:51:53 +0000] "GET /__webpack_hmr HTTP/1.1" 404 - "http://localhost:5000/tenders/d94f337a-33b3-4a4a-8548-c8098c70969b/review" "Mozilla/5.0 (Windows NT 10.0; Win64; x64) AppleWebKit/537.36 (KHTML, like Gecko) Chrome/62.0.3202.94 Safari/537.36"
::1 - - [11/Dec/2017:11:52:14 +0000] "GET /__webpack_hmr HTTP/1.1" 404 - "http://localhost:5000/tenders/d94f337a-33b3-4a4a-8548-c8098c70969b/review" "Mozilla/5.0 (Windows NT 10.0; Win64; x64) AppleWebKit/537.36 (KHTML, like Gecko) Chrome/62.0.3202.94 Safari/537.36"
::1 - - [11/Dec/2017:11:52:35 +0000] "GET /__webpack_hmr HTTP/1.1" 404 - "http://localhost:5000/tenders/d94f337a-33b3-4a4a-8548-c8098c70969b/review" "Mozilla/5.0 (Windows NT 10.0; Win64; x64) AppleWebKit/537.36 (KHTML, like Gecko) Chrome/62.0.3202.94 Safari/537.36"
::1 - - [11/Dec/2017:11:52:56 +0000] "GET /__webpack_hmr HTTP/1.1" 404 - "http://localhost:5000/tenders/d94f337a-33b3-4a4a-8548-c8098c70969b/review" "Mozilla/5.0 (Windows NT 10.0; Win64; x64) AppleWebKit/537.36 (KHTML, like Gecko) Chrome/62.0.3202.94 Safari/537.36"
::1 - - [11/Dec/2017:12:01:58 +0000] "POST /api/admin/clients HTTP/1.1" 500 - "-" "Mozilla/5.0 (Windows NT 10.0; Win64; x64) AppleWebKit/537.36 (KHTML, like Gecko) Chrome/62.0.3202.94 Safari/537.36"
::1 - - [11/Dec/2017:12:02:06 +0000] "GET /__webpack_hmr HTTP/1.1" 404 - "http://localhost:5000/tenders/d94f337a-33b3-4a4a-8548-c8098c70969b/review" "Mozilla/5.0 (Windows NT 10.0; Win64; x64) AppleWebKit/537.36 (KHTML, like Gecko) Chrome/62.0.3202.94 Safari/537.36"
::1 - - [11/Dec/2017:12:02:27 +0000] "GET /__webpack_hmr HTTP/1.1" 404 - "http://localhost:5000/tenders/d94f337a-33b3-4a4a-8548-c8098c70969b/review" "Mozilla/5.0 (Windows NT 10.0; Win64; x64) AppleWebKit/537.36 (KHTML, like Gecko) Chrome/62.0.3202.94 Safari/537.36"
::1 - - [11/Dec/2017:12:02:48 +0000] "GET /__webpack_hmr HTTP/1.1" 404 - "http://localhost:5000/tenders/d94f337a-33b3-4a4a-8548-c8098c70969b/review" "Mozilla/5.0 (Windows NT 10.0; Win64; x64) AppleWebKit/537.36 (KHTML, like Gecko) Chrome/62.0.3202.94 Safari/537.36"
::1 - - [11/Dec/2017:12:03:09 +0000] "GET /__webpack_hmr HTTP/1.1" 404 - "http://localhost:5000/tenders/d94f337a-33b3-4a4a-8548-c8098c70969b/review" "Mozilla/5.0 (Windows NT 10.0; Win64; x64) AppleWebKit/537.36 (KHTML, like Gecko) Chrome/62.0.3202.94 Safari/537.36"
::1 - - [11/Dec/2017:12:03:30 +0000] "GET /__webpack_hmr HTTP/1.1" 404 - "http://localhost:5000/tenders/d94f337a-33b3-4a4a-8548-c8098c70969b/review" "Mozilla/5.0 (Windows NT 10.0; Win64; x64) AppleWebKit/537.36 (KHTML, like Gecko) Chrome/62.0.3202.94 Safari/537.36"
::1 - - [11/Dec/2017:12:03:51 +0000] "GET /__webpack_hmr HTTP/1.1" 404 - "http://localhost:5000/tenders/d94f337a-33b3-4a4a-8548-c8098c70969b/review" "Mozilla/5.0 (Windows NT 10.0; Win64; x64) AppleWebKit/537.36 (KHTML, like Gecko) Chrome/62.0.3202.94 Safari/537.36"
::1 - - [11/Dec/2017:12:04:12 +0000] "GET /__webpack_hmr HTTP/1.1" 404 - "http://localhost:5000/tenders/d94f337a-33b3-4a4a-8548-c8098c70969b/review" "Mozilla/5.0 (Windows NT 10.0; Win64; x64) AppleWebKit/537.36 (KHTML, like Gecko) Chrome/62.0.3202.94 Safari/537.36"
::1 - - [11/Dec/2017:12:04:33 +0000] "GET /__webpack_hmr HTTP/1.1" 404 - "http://localhost:5000/tenders/d94f337a-33b3-4a4a-8548-c8098c70969b/review" "Mozilla/5.0 (Windows NT 10.0; Win64; x64) AppleWebKit/537.36 (KHTML, like Gecko) Chrome/62.0.3202.94 Safari/537.36"
::1 - - [11/Dec/2017:12:04:54 +0000] "GET /__webpack_hmr HTTP/1.1" 404 - "http://localhost:5000/tenders/d94f337a-33b3-4a4a-8548-c8098c70969b/review" "Mozilla/5.0 (Windows NT 10.0; Win64; x64) AppleWebKit/537.36 (KHTML, like Gecko) Chrome/62.0.3202.94 Safari/537.36"
::1 - - [11/Dec/2017:12:05:15 +0000] "GET /__webpack_hmr HTTP/1.1" 404 - "http://localhost:5000/tenders/d94f337a-33b3-4a4a-8548-c8098c70969b/review" "Mozilla/5.0 (Windows NT 10.0; Win64; x64) AppleWebKit/537.36 (KHTML, like Gecko) Chrome/62.0.3202.94 Safari/537.36"
::1 - - [11/Dec/2017:12:05:36 +0000] "GET /__webpack_hmr HTTP/1.1" 404 - "http://localhost:5000/tenders/d94f337a-33b3-4a4a-8548-c8098c70969b/review" "Mozilla/5.0 (Windows NT 10.0; Win64; x64) AppleWebKit/537.36 (KHTML, like Gecko) Chrome/62.0.3202.94 Safari/537.36"
::1 - - [11/Dec/2017:12:05:57 +0000] "GET /__webpack_hmr HTTP/1.1" 404 - "http://localhost:5000/tenders/d94f337a-33b3-4a4a-8548-c8098c70969b/review" "Mozilla/5.0 (Windows NT 10.0; Win64; x64) AppleWebKit/537.36 (KHTML, like Gecko) Chrome/62.0.3202.94 Safari/537.36"
::1 - - [11/Dec/2017:12:06:18 +0000] "GET /__webpack_hmr HTTP/1.1" 404 - "http://localhost:5000/tenders/d94f337a-33b3-4a4a-8548-c8098c70969b/review" "Mozilla/5.0 (Windows NT 10.0; Win64; x64) AppleWebKit/537.36 (KHTML, like Gecko) Chrome/62.0.3202.94 Safari/537.36"
::1 - - [11/Dec/2017:12:06:39 +0000] "GET /__webpack_hmr HTTP/1.1" 404 - "http://localhost:5000/tenders/d94f337a-33b3-4a4a-8548-c8098c70969b/review" "Mozilla/5.0 (Windows NT 10.0; Win64; x64) AppleWebKit/537.36 (KHTML, like Gecko) Chrome/62.0.3202.94 Safari/537.36"
::1 - - [11/Dec/2017:12:07:00 +0000] "GET /__webpack_hmr HTTP/1.1" 404 - "http://localhost:5000/tenders/d94f337a-33b3-4a4a-8548-c8098c70969b/review" "Mozilla/5.0 (Windows NT 10.0; Win64; x64) AppleWebKit/537.36 (KHTML, like Gecko) Chrome/62.0.3202.94 Safari/537.36"
::1 - - [11/Dec/2017:12:07:21 +0000] "GET /__webpack_hmr HTTP/1.1" 404 - "http://localhost:5000/tenders/d94f337a-33b3-4a4a-8548-c8098c70969b/review" "Mozilla/5.0 (Windows NT 10.0; Win64; x64) AppleWebKit/537.36 (KHTML, like Gecko) Chrome/62.0.3202.94 Safari/537.36"
::1 - - [11/Dec/2017:12:07:42 +0000] "GET /__webpack_hmr HTTP/1.1" 404 - "http://localhost:5000/tenders/d94f337a-33b3-4a4a-8548-c8098c70969b/review" "Mozilla/5.0 (Windows NT 10.0; Win64; x64) AppleWebKit/537.36 (KHTML, like Gecko) Chrome/62.0.3202.94 Safari/537.36"
::1 - - [11/Dec/2017:12:08:03 +0000] "GET /__webpack_hmr HTTP/1.1" 404 - "http://localhost:5000/tenders/d94f337a-33b3-4a4a-8548-c8098c70969b/review" "Mozilla/5.0 (Windows NT 10.0; Win64; x64) AppleWebKit/537.36 (KHTML, like Gecko) Chrome/62.0.3202.94 Safari/537.36"
::1 - - [11/Dec/2017:12:08:24 +0000] "GET /__webpack_hmr HTTP/1.1" 404 - "http://localhost:5000/tenders/d94f337a-33b3-4a4a-8548-c8098c70969b/review" "Mozilla/5.0 (Windows NT 10.0; Win64; x64) AppleWebKit/537.36 (KHTML, like Gecko) Chrome/62.0.3202.94 Safari/537.36"
::1 - - [11/Dec/2017:12:08:45 +0000] "GET /__webpack_hmr HTTP/1.1" 404 - "http://localhost:5000/tenders/d94f337a-33b3-4a4a-8548-c8098c70969b/review" "Mozilla/5.0 (Windows NT 10.0; Win64; x64) AppleWebKit/537.36 (KHTML, like Gecko) Chrome/62.0.3202.94 Safari/537.36"
::1 - - [11/Dec/2017:12:09:06 +0000] "GET /__webpack_hmr HTTP/1.1" 404 - "http://localhost:5000/tenders/d94f337a-33b3-4a4a-8548-c8098c70969b/review" "Mozilla/5.0 (Windows NT 10.0; Win64; x64) AppleWebKit/537.36 (KHTML, like Gecko) Chrome/62.0.3202.94 Safari/537.36"
::1 - - [11/Dec/2017:12:09:27 +0000] "GET /__webpack_hmr HTTP/1.1" 404 - "http://localhost:5000/tenders/d94f337a-33b3-4a4a-8548-c8098c70969b/review" "Mozilla/5.0 (Windows NT 10.0; Win64; x64) AppleWebKit/537.36 (KHTML, like Gecko) Chrome/62.0.3202.94 Safari/537.36"
::1 - - [11/Dec/2017:12:09:48 +0000] "GET /__webpack_hmr HTTP/1.1" 404 - "http://localhost:5000/tenders/d94f337a-33b3-4a4a-8548-c8098c70969b/review" "Mozilla/5.0 (Windows NT 10.0; Win64; x64) AppleWebKit/537.36 (KHTML, like Gecko) Chrome/62.0.3202.94 Safari/537.36"
::1 - - [11/Dec/2017:12:10:09 +0000] "GET /__webpack_hmr HTTP/1.1" 404 - "http://localhost:5000/tenders/d94f337a-33b3-4a4a-8548-c8098c70969b/review" "Mozilla/5.0 (Windows NT 10.0; Win64; x64) AppleWebKit/537.36 (KHTML, like Gecko) Chrome/62.0.3202.94 Safari/537.36"
::1 - - [11/Dec/2017:12:10:30 +0000] "GET /__webpack_hmr HTTP/1.1" 404 - "http://localhost:5000/tenders/d94f337a-33b3-4a4a-8548-c8098c70969b/review" "Mozilla/5.0 (Windows NT 10.0; Win64; x64) AppleWebKit/537.36 (KHTML, like Gecko) Chrome/62.0.3202.94 Safari/537.36"
::1 - - [11/Dec/2017:12:10:51 +0000] "GET /__webpack_hmr HTTP/1.1" 404 - "http://localhost:5000/tenders/d94f337a-33b3-4a4a-8548-c8098c70969b/review" "Mozilla/5.0 (Windows NT 10.0; Win64; x64) AppleWebKit/537.36 (KHTML, like Gecko) Chrome/62.0.3202.94 Safari/537.36"
::1 - - [11/Dec/2017:12:11:12 +0000] "GET /__webpack_hmr HTTP/1.1" 404 - "http://localhost:5000/tenders/d94f337a-33b3-4a4a-8548-c8098c70969b/review" "Mozilla/5.0 (Windows NT 10.0; Win64; x64) AppleWebKit/537.36 (KHTML, like Gecko) Chrome/62.0.3202.94 Safari/537.36"
::1 - - [11/Dec/2017:12:11:33 +0000] "GET /__webpack_hmr HTTP/1.1" 404 - "http://localhost:5000/tenders/d94f337a-33b3-4a4a-8548-c8098c70969b/review" "Mozilla/5.0 (Windows NT 10.0; Win64; x64) AppleWebKit/537.36 (KHTML, like Gecko) Chrome/62.0.3202.94 Safari/537.36"
::1 - - [11/Dec/2017:12:11:54 +0000] "GET /__webpack_hmr HTTP/1.1" 404 - "http://localhost:5000/tenders/d94f337a-33b3-4a4a-8548-c8098c70969b/review" "Mozilla/5.0 (Windows NT 10.0; Win64; x64) AppleWebKit/537.36 (KHTML, like Gecko) Chrome/62.0.3202.94 Safari/537.36"
::1 - - [11/Dec/2017:12:12:15 +0000] "GET /__webpack_hmr HTTP/1.1" 404 - "http://localhost:5000/tenders/d94f337a-33b3-4a4a-8548-c8098c70969b/review" "Mozilla/5.0 (Windows NT 10.0; Win64; x64) AppleWebKit/537.36 (KHTML, like Gecko) Chrome/62.0.3202.94 Safari/537.36"
::1 - - [11/Dec/2017:12:12:36 +0000] "GET /__webpack_hmr HTTP/1.1" 404 - "http://localhost:5000/tenders/d94f337a-33b3-4a4a-8548-c8098c70969b/review" "Mozilla/5.0 (Windows NT 10.0; Win64; x64) AppleWebKit/537.36 (KHTML, like Gecko) Chrome/62.0.3202.94 Safari/537.36"
::1 - - [11/Dec/2017:12:12:57 +0000] "GET /__webpack_hmr HTTP/1.1" 404 - "http://localhost:5000/tenders/d94f337a-33b3-4a4a-8548-c8098c70969b/review" "Mozilla/5.0 (Windows NT 10.0; Win64; x64) AppleWebKit/537.36 (KHTML, like Gecko) Chrome/62.0.3202.94 Safari/537.36"
::1 - - [11/Dec/2017:12:13:18 +0000] "GET /__webpack_hmr HTTP/1.1" 404 - "http://localhost:5000/tenders/d94f337a-33b3-4a4a-8548-c8098c70969b/review" "Mozilla/5.0 (Windows NT 10.0; Win64; x64) AppleWebKit/537.36 (KHTML, like Gecko) Chrome/62.0.3202.94 Safari/537.36"
::1 - - [11/Dec/2017:12:13:39 +0000] "GET /__webpack_hmr HTTP/1.1" 404 - "http://localhost:5000/tenders/d94f337a-33b3-4a4a-8548-c8098c70969b/review" "Mozilla/5.0 (Windows NT 10.0; Win64; x64) AppleWebKit/537.36 (KHTML, like Gecko) Chrome/62.0.3202.94 Safari/537.36"
::1 - - [11/Dec/2017:12:14:00 +0000] "GET /__webpack_hmr HTTP/1.1" 404 - "http://localhost:5000/tenders/d94f337a-33b3-4a4a-8548-c8098c70969b/review" "Mozilla/5.0 (Windows NT 10.0; Win64; x64) AppleWebKit/537.36 (KHTML, like Gecko) Chrome/62.0.3202.94 Safari/537.36"
::1 - - [11/Dec/2017:12:14:21 +0000] "GET /__webpack_hmr HTTP/1.1" 404 - "http://localhost:5000/tenders/d94f337a-33b3-4a4a-8548-c8098c70969b/review" "Mozilla/5.0 (Windows NT 10.0; Win64; x64) AppleWebKit/537.36 (KHTML, like Gecko) Chrome/62.0.3202.94 Safari/537.36"
::1 - - [11/Dec/2017:12:14:42 +0000] "GET /__webpack_hmr HTTP/1.1" 404 - "http://localhost:5000/tenders/d94f337a-33b3-4a4a-8548-c8098c70969b/review" "Mozilla/5.0 (Windows NT 10.0; Win64; x64) AppleWebKit/537.36 (KHTML, like Gecko) Chrome/62.0.3202.94 Safari/537.36"
::1 - - [11/Dec/2017:12:15:03 +0000] "GET /__webpack_hmr HTTP/1.1" 404 - "http://localhost:5000/tenders/d94f337a-33b3-4a4a-8548-c8098c70969b/review" "Mozilla/5.0 (Windows NT 10.0; Win64; x64) AppleWebKit/537.36 (KHTML, like Gecko) Chrome/62.0.3202.94 Safari/537.36"
::1 - - [11/Dec/2017:12:15:24 +0000] "GET /__webpack_hmr HTTP/1.1" 404 - "http://localhost:5000/tenders/d94f337a-33b3-4a4a-8548-c8098c70969b/review" "Mozilla/5.0 (Windows NT 10.0; Win64; x64) AppleWebKit/537.36 (KHTML, like Gecko) Chrome/62.0.3202.94 Safari/537.36"
::1 - - [11/Dec/2017:12:15:45 +0000] "GET /__webpack_hmr HTTP/1.1" 404 - "http://localhost:5000/tenders/d94f337a-33b3-4a4a-8548-c8098c70969b/review" "Mozilla/5.0 (Windows NT 10.0; Win64; x64) AppleWebKit/537.36 (KHTML, like Gecko) Chrome/62.0.3202.94 Safari/537.36"
::1 - - [11/Dec/2017:12:16:06 +0000] "GET /__webpack_hmr HTTP/1.1" 404 - "http://localhost:5000/tenders/d94f337a-33b3-4a4a-8548-c8098c70969b/review" "Mozilla/5.0 (Windows NT 10.0; Win64; x64) AppleWebKit/537.36 (KHTML, like Gecko) Chrome/62.0.3202.94 Safari/537.36"
::1 - - [11/Dec/2017:12:16:27 +0000] "GET /__webpack_hmr HTTP/1.1" 404 - "http://localhost:5000/tenders/d94f337a-33b3-4a4a-8548-c8098c70969b/review" "Mozilla/5.0 (Windows NT 10.0; Win64; x64) AppleWebKit/537.36 (KHTML, like Gecko) Chrome/62.0.3202.94 Safari/537.36"
::1 - - [11/Dec/2017:12:16:48 +0000] "GET /__webpack_hmr HTTP/1.1" 404 - "http://localhost:5000/tenders/d94f337a-33b3-4a4a-8548-c8098c70969b/review" "Mozilla/5.0 (Windows NT 10.0; Win64; x64) AppleWebKit/537.36 (KHTML, like Gecko) Chrome/62.0.3202.94 Safari/537.36"
::1 - - [11/Dec/2017:12:17:09 +0000] "GET /__webpack_hmr HTTP/1.1" 404 - "http://localhost:5000/tenders/d94f337a-33b3-4a4a-8548-c8098c70969b/review" "Mozilla/5.0 (Windows NT 10.0; Win64; x64) AppleWebKit/537.36 (KHTML, like Gecko) Chrome/62.0.3202.94 Safari/537.36"
::1 - - [11/Dec/2017:12:17:30 +0000] "GET /__webpack_hmr HTTP/1.1" 404 - "http://localhost:5000/tenders/d94f337a-33b3-4a4a-8548-c8098c70969b/review" "Mozilla/5.0 (Windows NT 10.0; Win64; x64) AppleWebKit/537.36 (KHTML, like Gecko) Chrome/62.0.3202.94 Safari/537.36"
::1 - - [11/Dec/2017:12:17:51 +0000] "GET /__webpack_hmr HTTP/1.1" 404 - "http://localhost:5000/tenders/d94f337a-33b3-4a4a-8548-c8098c70969b/review" "Mozilla/5.0 (Windows NT 10.0; Win64; x64) AppleWebKit/537.36 (KHTML, like Gecko) Chrome/62.0.3202.94 Safari/537.36"
::1 - - [11/Dec/2017:12:18:12 +0000] "GET /__webpack_hmr HTTP/1.1" 404 - "http://localhost:5000/tenders/d94f337a-33b3-4a4a-8548-c8098c70969b/review" "Mozilla/5.0 (Windows NT 10.0; Win64; x64) AppleWebKit/537.36 (KHTML, like Gecko) Chrome/62.0.3202.94 Safari/537.36"
::1 - - [11/Dec/2017:12:18:33 +0000] "GET /__webpack_hmr HTTP/1.1" 404 - "http://localhost:5000/tenders/d94f337a-33b3-4a4a-8548-c8098c70969b/review" "Mozilla/5.0 (Windows NT 10.0; Win64; x64) AppleWebKit/537.36 (KHTML, like Gecko) Chrome/62.0.3202.94 Safari/537.36"
::1 - - [11/Dec/2017:12:18:54 +0000] "GET /__webpack_hmr HTTP/1.1" 404 - "http://localhost:5000/tenders/d94f337a-33b3-4a4a-8548-c8098c70969b/review" "Mozilla/5.0 (Windows NT 10.0; Win64; x64) AppleWebKit/537.36 (KHTML, like Gecko) Chrome/62.0.3202.94 Safari/537.36"
::1 - - [11/Dec/2017:12:19:15 +0000] "GET /__webpack_hmr HTTP/1.1" 404 - "http://localhost:5000/tenders/d94f337a-33b3-4a4a-8548-c8098c70969b/review" "Mozilla/5.0 (Windows NT 10.0; Win64; x64) AppleWebKit/537.36 (KHTML, like Gecko) Chrome/62.0.3202.94 Safari/537.36"
::1 - - [11/Dec/2017:12:19:36 +0000] "GET /__webpack_hmr HTTP/1.1" 404 - "http://localhost:5000/tenders/d94f337a-33b3-4a4a-8548-c8098c70969b/review" "Mozilla/5.0 (Windows NT 10.0; Win64; x64) AppleWebKit/537.36 (KHTML, like Gecko) Chrome/62.0.3202.94 Safari/537.36"
::1 - - [11/Dec/2017:12:19:57 +0000] "GET /__webpack_hmr HTTP/1.1" 404 - "http://localhost:5000/tenders/d94f337a-33b3-4a4a-8548-c8098c70969b/review" "Mozilla/5.0 (Windows NT 10.0; Win64; x64) AppleWebKit/537.36 (KHTML, like Gecko) Chrome/62.0.3202.94 Safari/537.36"
